GET -- /vote/getInfoById?id=75 -- PostmanRuntime/7.22.0 -- 1579401271454
GET -- /vote/getInfoById?id=75 -- Mozilla/5.0 (Windows NT 10.0; Win64; x64) AppleWebKit/537.36 (KHTML, like Gecko) Chrome/74.0.3729.108 Safari/537.36 -- 1579401282977
GET -- /vote/getInfoById?id=75 -- Mozilla/5.0 (Windows NT 10.0; Win64; x64) AppleWebKit/537.36 (KHTML, like Gecko) Chrome/74.0.3729.108 Safari/537.36 -- 1579401283645
GET -- /vote/getInfoById?id=75 -- Mozilla/5.0 (Windows NT 10.0; Win64; x64) AppleWebKit/537.36 (KHTML, like Gecko) Chrome/74.0.3729.108 Safari/537.36 -- 1579401284308
GET -- /vote/getInfoById?id=75 -- Mozilla/5.0 (Windows NT 10.0; Win64; x64) AppleWebKit/537.36 (KHTML, like Gecko) Chrome/74.0.3729.108 Safari/537.36 -- 1579401285001
GET -- /vote/getInfoById?id=75 -- PostmanRuntime/7.22.0 -- 1579401286639
GET -- /vote/getInfoById?id=75 -- PostmanRuntime/7.22.0 -- 1579401288284
GET -- /vote/getInfoById?id=75 -- Mozilla/5.0 (Windows NT 10.0; WOW64) AppleWebKit/537.36 (KHTML, like Gecko) Chrome/70.0.3538.25 Safari/537.36 Core/1.70.3741.400 QQBrowser/10.5.3863.400 -- 1579401336278
GET -- /favicon.ico -- Mozilla/5.0 (Windows NT 10.0; WOW64) AppleWebKit/537.36 (KHTML, like Gecko) Chrome/70.0.3538.25 Safari/537.36 Core/1.70.3741.400 QQBrowser/10.5.3863.400 -- 1579401340883
GET -- /vote/getInfoById?id=75 -- Mozilla/5.0 (Windows NT 10.0; WOW64) AppleWebKit/537.36 (KHTML, like Gecko) Chrome/70.0.3538.25 Safari/537.36 Core/1.70.3741.400 QQBrowser/10.5.3863.400 -- 1579401342211
GET -- /vote/getInfoById?id=75 -- Mozilla/5.0 (Windows NT 10.0; WOW64) AppleWebKit/537.36 (KHTML, like Gecko) Chrome/70.0.3538.25 Safari/537.36 Core/1.70.3741.400 QQBrowser/10.5.3863.400 -- 1579401344610
GET -- /vote/getInfoById?id=75 -- Mozilla/5.0 (Windows NT 10.0; WOW64) AppleWebKit/537.36 (KHTML, like Gecko) Chrome/70.0.3538.25 Safari/537.36 Core/1.70.3741.400 QQBrowser/10.5.3863.400 -- 1579401345538
GET -- /vote/getInfoById?id=75 -- Mozilla/5.0 (Windows NT 10.0; Win64; x64) AppleWebKit/537.36 (KHTML, like Gecko) Chrome/74.0.3729.108 Safari/537.36 -- 1579402790742
GET -- /vote/getInfoById?id=75 -- Mozilla/5.0 (Windows NT 10.0; Win64; x64) AppleWebKit/537.36 (KHTML, like Gecko) Chrome/74.0.3729.108 Safari/537.36 -- 1579402792762
GET -- /log/list -- PostmanRuntime/7.22.0 -- 1579404254359
GET -- /log/list -- PostmanRuntime/7.22.0 -- 1579404482567
GET -- /log/list -- PostmanRuntime/7.22.0 -- 1579404515846
GET -- /log/list -- PostmanRuntime/7.22.0 -- 1579404597449
GET -- /log/list -- PostmanRuntime/7.22.0 -- 1579404614586
GET -- /log/list -- PostmanRuntime/7.22.0 -- 1579404654142
GET -- /log/list -- PostmanRuntime/7.22.0 -- 1579404823331
GET -- /log/list -- PostmanRuntime/7.22.0 -- 1579404999799
GET -- /log/list -- PostmanRuntime/7.22.0 -- 1579405016511
GET -- /log/list -- PostmanRuntime/7.22.0 -- 1579405019963
GET -- /log/list -- PostmanRuntime/7.22.0 -- 1579405021540
GET -- /log/list -- PostmanRuntime/7.22.0 -- 1579405023140
GET -- /log/list -- PostmanRuntime/7.22.0 -- 1579405165107
GET -- /log/list -- PostmanRuntime/7.22.0 -- 1579405168412
GET -- /log/list?api=getInfoById -- Mozilla/5.0 (Windows NT 10.0; Win64; x64) AppleWebKit/537.36 (KHTML, like Gecko) Chrome/74.0.3729.108 Safari/537.36 -- 1579405430338
GET -- /log/list?api=getInfoById1 -- Mozilla/5.0 (Windows NT 10.0; Win64; x64) AppleWebKit/537.36 (KHTML, like Gecko) Chrome/74.0.3729.108 Safari/537.36 -- 1579405435923
GET -- /log/list?api=%2Fvote%2FgetInfoById1 -- Mozilla/5.0 (Windows NT 10.0; Win64; x64) AppleWebKit/537.36 (KHTML, like Gecko) Chrome/74.0.3729.108 Safari/537.36 -- 1579405479127
GET -- /log/list?api=%2Fvote%2FgetInfoById1 -- Mozilla/5.0 (Windows NT 10.0; Win64; x64) AppleWebKit/537.36 (KHTML, like Gecko) Chrome/74.0.3729.108 Safari/537.36 -- 1579405527351
GET -- /log/list?api=%2Fvote%2FgetInfoById -- Mozilla/5.0 (Windows NT 10.0; Win64; x64) AppleWebKit/537.36 (KHTML, like Gecko) Chrome/74.0.3729.108 Safari/537.36 -- 1579405529872
GET -- /log/list?api=%2Fvote%2FgetInfoById -- Mozilla/5.0 (Windows NT 10.0; Win64; x64) AppleWebKit/537.36 (KHTML, like Gecko) Chrome/74.0.3729.108 Safari/537.36 -- 1579405819712
GET -- /log/list?api=%2Fvote%2FgetInfoById -- Mozilla/5.0 (Windows NT 10.0; Win64; x64) AppleWebKit/537.36 (KHTML, like Gecko) Chrome/74.0.3729.108 Safari/537.36 -- 1579405837821
